Running test with user vboxuser
CMake Deprecation Warning at CMakeLists.txt:1 (cmake_minimum_required):
  Compatibility with CMake < 3.5 will be removed from a future version of
  CMake.

  Update the VERSION argument <min> value or use a ...<max> suffix to tell
  CMake that the project does not need compatibility with older versions.


CMake Deprecation Warning at assignment-autotest/CMakeLists.txt:13 (cmake_minimum_required):
  Compatibility with CMake < 3.5 will be removed from a future version of
  CMake.

  Update the VERSION argument <min> value or use a ...<max> suffix to tell
  CMake that the project does not need compatibility with older versions.


CMake Deprecation Warning at assignment-autotest/Unity/CMakeLists.txt:11 (cmake_minimum_required):
  Compatibility with CMake < 3.5 will be removed from a future version of
  CMake.

  Update the VERSION argument <min> value or use a ...<max> suffix to tell
  CMake that the project does not need compatibility with older versions.


CMake Deprecation Warning at assignment-autotest/Unity/src/CMakeLists.txt:11 (cmake_minimum_required):
  Compatibility with CMake < 3.5 will be removed from a future version of
  CMake.

  Update the VERSION argument <min> value or use a ...<max> suffix to tell
  CMake that the project does not need compatibility with older versions.


-- Generating ;/home/vboxuser/ased-assignments/assignment-autotest/test/assignment1/Test_hello_Runner.c;/home/vboxuser/ased-assignments/assignment-autotest/test/assignment1/Test_assignment_validate_Runner.c;/home/vboxuser/ased-assignments/assignment-autotest/../student-test/assignment1/Test_validate_username_Runner.c from test/assignment1/Test_hello.c;test/assignment1/Test_assignment_validate.c;../student-test/assignment1/Test_validate_username.c
-- Building executable including ;/home/vboxuser/ased-assignments/assignment-autotest/test/assignment1/Test_hello_Runner.c;/home/vboxuser/ased-assignments/assignment-autotest/test/assignment1/Test_assignment_validate_Runner.c;/home/vboxuser/ased-assignments/assignment-autotest/../student-test/assignment1/Test_validate_username_Runner.c test/assignment1/Test_hello.c;test/assignment1/Test_assignment_validate.c;../student-test/assignment1/Test_validate_username.c and ../examples/autotest-validate/autotest-validate.c
-- Configuring done (0.0s)
-- Generating done (0.0s)
-- Build files have been written to: /home/vboxuser/ased-assignments/build
[  8%] Building C object assignment-autotest/Unity/src/CMakeFiles/unity.dir/unity.c.o
[ 16%] Linking C static library libunity.a
[ 16%] Built target unity
[ 25%] Generating /home/vboxuser/ased-assignments/assignment-autotest/test/assignment1/Test_hello_Runner.c, /home/vboxuser/ased-assignments/assignment-autotest/test/assignment1/Test_assignment_validate_Runner.c, /home/vboxuser/ased-assignments/student-test/assignment1/Test_validate_username_Runner.c, /home/vboxuser/ased-assignments/assignment-autotest/test/unity_runner.c
Test files for auto dependency generation test/assignment1/Test_hello.c test/assignment1/Test_assignment_validate.c ../student-test/assignment1/Test_validate_username.c
Autogenerating runner for test/assignment1/Test_hello.c
/home/vboxuser/ased-assignments/assignment-autotest/Unity/auto/generate_test_runner.rb:344: warning: Passing safe_level with the 2nd argument of ERB.new is deprecated. Do not use it, and specify other arguments as keyword arguments.
/home/vboxuser/ased-assignments/assignment-autotest/Unity/auto/generate_test_runner.rb:344: warning: Passing trim_mode with the 3rd argument of ERB.new is deprecated. Use keyword argument like ERB.new(str, trim_mode: ...) instead.
Autogenerating runner for test/assignment1/Test_assignment_validate.c
/home/vboxuser/ased-assignments/assignment-autotest/Unity/auto/generate_test_runner.rb:344: warning: Passing safe_level with the 2nd argument of ERB.new is deprecated. Do not use it, and specify other arguments as keyword arguments.
/home/vboxuser/ased-assignments/assignment-autotest/Unity/auto/generate_test_runner.rb:344: warning: Passing trim_mode with the 3rd argument of ERB.new is deprecated. Use keyword argument like ERB.new(str, trim_mode: ...) instead.
Autogenerating runner for ../student-test/assignment1/Test_validate_username.c
/home/vboxuser/ased-assignments/assignment-autotest/Unity/auto/generate_test_runner.rb:344: warning: Passing safe_level with the 2nd argument of ERB.new is deprecated. Do not use it, and specify other arguments as keyword arguments.
/home/vboxuser/ased-assignments/assignment-autotest/Unity/auto/generate_test_runner.rb:344: warning: Passing trim_mode with the 3rd argument of ERB.new is deprecated. Use keyword argument like ERB.new(str, trim_mode: ...) instead.
Autogenerating test/unity_runner.c
[ 33%] Building C object assignment-autotest/CMakeFiles/assignment-autotest.dir/test/assignment1/Test_hello.c.o
[ 41%] Building C object assignment-autotest/CMakeFiles/assignment-autotest.dir/test/assignment1/Test_assignment_validate.c.o
[ 50%] Building C object assignment-autotest/CMakeFiles/assignment-autotest.dir/__/student-test/assignment1/Test_validate_username.c.o
[ 58%] Building C object assignment-autotest/CMakeFiles/assignment-autotest.dir/test/assignment1/Test_hello_Runner.c.o
[ 66%] Building C object assignment-autotest/CMakeFiles/assignment-autotest.dir/test/assignment1/Test_assignment_validate_Runner.c.o
[ 75%] Building C object assignment-autotest/CMakeFiles/assignment-autotest.dir/__/student-test/assignment1/Test_validate_username_Runner.c.o
[ 83%] Building C object assignment-autotest/CMakeFiles/assignment-autotest.dir/__/examples/autotest-validate/autotest-validate.c.o
[ 91%] Building C object assignment-autotest/CMakeFiles/assignment-autotest.dir/test/unity_runner.c.o
[100%] Linking C executable assignment-autotest
[100%] Built target assignment-autotest
/home/vboxuser/ased-assignments/assignment-autotest/test/assignment1/Test_hello.c:6:test_hello:INFO: Hello!  Your unity setup is working!
/home/vboxuser/ased-assignments/assignment-autotest/test/assignment1/Test_hello.c:4:test_hello:PASS

-----------------------
1 Tests 0 Failures 0 Ignored 
OK
/home/vboxuser/ased-assignments/assignment-autotest/test/assignment1/Test_assignment_validate.c:9:test_assignment_validate:PASS

-----------------------
1 Tests 0 Failures 0 Ignored 
OK
Read Shantanu3107 from conf/username.txt
/home/vboxuser/ased-assignments/assignment-autotest/../student-test/assignment1/Test_validate_username.c:15:test_validate_my_username:PASS

-----------------------
1 Tests 0 Failures 0 Ignored 
OK
Executing assignment test script
~/ased-assignments/assignment-autotest/test/assignment1 ~/ased-assignments
./assignment-autotest/test/assignment1/assignment-test.sh: line 10: ./writer.sh: No such file or directory
~/ased-assignments/finder-app ~/ased-assignments/assignment-autotest/test/assignment1 ~/ased-assignments
[0;31mValidation Error:writer.sh should have exited with return value 1 if no parameters were specified[0m
./assignment-autotest/test/assignment1/assignment-test.sh: line 16: ./writer.sh: No such file or directory
[0;31mValidation Error:writer.sh should have exited with return value 1 if write string is not specified[0m
Using default value AELD_IS_FUN for string to write
Using default value 10 for number of files to write
Writing 10 files containing string AELD_IS_FUN to /tmp/aeld-data
./finder-test.sh: 57: ./writer.sh: not found
[0;31mValidation Error:finder-test.sh execution for default directory failed with return code 127[0m
Writing 10 files containing string AELD_IS_FUN to /tmp/aeld-data/oVIiz7G0DcsToWH5ddmtpTCTwoj0EHm8
[0;31mValidation Error:finder-test.sh execution for random directory failed with return code 127[0m
./finder-test.sh: 57: ./writer.sh: not found
Validation failed with error list :writer.sh should have exited with return value 1 if no parameters were specified:writer.sh should have exited with return value 1 if write string is not specified:finder-test.sh execution for default directory failed with return code 127:finder-test.sh execution for random directory failed with return code 127
Test of assignment assignment1 failed with rc=1

Running test with user vboxuser
CMake Deprecation Warning at CMakeLists.txt:1 (cmake_minimum_required):
  Compatibility with CMake < 3.5 will be removed from a future version of
  CMake.

  Update the VERSION argument <min> value or use a ...<max> suffix to tell
  CMake that the project does not need compatibility with older versions.


CMake Deprecation Warning at assignment-autotest/CMakeLists.txt:13 (cmake_minimum_required):
  Compatibility with CMake < 3.5 will be removed from a future version of
  CMake.

  Update the VERSION argument <min> value or use a ...<max> suffix to tell
  CMake that the project does not need compatibility with older versions.


CMake Deprecation Warning at assignment-autotest/Unity/CMakeLists.txt:11 (cmake_minimum_required):
  Compatibility with CMake < 3.5 will be removed from a future version of
  CMake.

  Update the VERSION argument <min> value or use a ...<max> suffix to tell
  CMake that the project does not need compatibility with older versions.


CMake Deprecation Warning at assignment-autotest/Unity/src/CMakeLists.txt:11 (cmake_minimum_required):
  Compatibility with CMake < 3.5 will be removed from a future version of
  CMake.

  Update the VERSION argument <min> value or use a ...<max> suffix to tell
  CMake that the project does not need compatibility with older versions.


-- Generating ;/home/vboxuser/ased-assignments/assignment-autotest/test/assignment1/Test_hello_Runner.c;/home/vboxuser/ased-assignments/assignment-autotest/test/assignment1/Test_assignment_validate_Runner.c;/home/vboxuser/ased-assignments/assignment-autotest/../student-test/assignment1/Test_validate_username_Runner.c from test/assignment1/Test_hello.c;test/assignment1/Test_assignment_validate.c;../student-test/assignment1/Test_validate_username.c
-- Building executable including ;/home/vboxuser/ased-assignments/assignment-autotest/test/assignment1/Test_hello_Runner.c;/home/vboxuser/ased-assignments/assignment-autotest/test/assignment1/Test_assignment_validate_Runner.c;/home/vboxuser/ased-assignments/assignment-autotest/../student-test/assignment1/Test_validate_username_Runner.c test/assignment1/Test_hello.c;test/assignment1/Test_assignment_validate.c;../student-test/assignment1/Test_validate_username.c and ../examples/autotest-validate/autotest-validate.c
-- Configuring done (0.0s)
-- Generating done (0.0s)
-- Build files have been written to: /home/vboxuser/ased-assignments/build
[  8%] Building C object assignment-autotest/Unity/src/CMakeFiles/unity.dir/unity.c.o
[ 16%] Linking C static library libunity.a
[ 16%] Built target unity
[ 25%] Generating /home/vboxuser/ased-assignments/assignment-autotest/test/assignment1/Test_hello_Runner.c, /home/vboxuser/ased-assignments/assignment-autotest/test/assignment1/Test_assignment_validate_Runner.c, /home/vboxuser/ased-assignments/student-test/assignment1/Test_validate_username_Runner.c, /home/vboxuser/ased-assignments/assignment-autotest/test/unity_runner.c
Test files for auto dependency generation test/assignment1/Test_hello.c test/assignment1/Test_assignment_validate.c ../student-test/assignment1/Test_validate_username.c
Autogenerating runner for test/assignment1/Test_hello.c
/home/vboxuser/ased-assignments/assignment-autotest/Unity/auto/generate_test_runner.rb:344: warning: Passing safe_level with the 2nd argument of ERB.new is deprecated. Do not use it, and specify other arguments as keyword arguments.
/home/vboxuser/ased-assignments/assignment-autotest/Unity/auto/generate_test_runner.rb:344: warning: Passing trim_mode with the 3rd argument of ERB.new is deprecated. Use keyword argument like ERB.new(str, trim_mode: ...) instead.
Autogenerating runner for test/assignment1/Test_assignment_validate.c
/home/vboxuser/ased-assignments/assignment-autotest/Unity/auto/generate_test_runner.rb:344: warning: Passing safe_level with the 2nd argument of ERB.new is deprecated. Do not use it, and specify other arguments as keyword arguments.
/home/vboxuser/ased-assignments/assignment-autotest/Unity/auto/generate_test_runner.rb:344: warning: Passing trim_mode with the 3rd argument of ERB.new is deprecated. Use keyword argument like ERB.new(str, trim_mode: ...) instead.
Autogenerating runner for ../student-test/assignment1/Test_validate_username.c
/home/vboxuser/ased-assignments/assignment-autotest/Unity/auto/generate_test_runner.rb:344: warning: Passing safe_level with the 2nd argument of ERB.new is deprecated. Do not use it, and specify other arguments as keyword arguments.
/home/vboxuser/ased-assignments/assignment-autotest/Unity/auto/generate_test_runner.rb:344: warning: Passing trim_mode with the 3rd argument of ERB.new is deprecated. Use keyword argument like ERB.new(str, trim_mode: ...) instead.
Autogenerating test/unity_runner.c
[ 33%] Building C object assignment-autotest/CMakeFiles/assignment-autotest.dir/test/assignment1/Test_hello.c.o
[ 41%] Building C object assignment-autotest/CMakeFiles/assignment-autotest.dir/test/assignment1/Test_assignment_validate.c.o
[ 50%] Building C object assignment-autotest/CMakeFiles/assignment-autotest.dir/__/student-test/assignment1/Test_validate_username.c.o
[ 58%] Building C object assignment-autotest/CMakeFiles/assignment-autotest.dir/test/assignment1/Test_hello_Runner.c.o
[ 66%] Building C object assignment-autotest/CMakeFiles/assignment-autotest.dir/test/assignment1/Test_assignment_validate_Runner.c.o
[ 75%] Building C object assignment-autotest/CMakeFiles/assignment-autotest.dir/__/student-test/assignment1/Test_validate_username_Runner.c.o
[ 83%] Building C object assignment-autotest/CMakeFiles/assignment-autotest.dir/__/examples/autotest-validate/autotest-validate.c.o
[ 91%] Building C object assignment-autotest/CMakeFiles/assignment-autotest.dir/test/unity_runner.c.o
[100%] Linking C executable assignment-autotest
[100%] Built target assignment-autotest
/home/vboxuser/ased-assignments/assignment-autotest/test/assignment1/Test_hello.c:6:test_hello:INFO: Hello!  Your unity setup is working!
/home/vboxuser/ased-assignments/assignment-autotest/test/assignment1/Test_hello.c:4:test_hello:PASS

-----------------------
1 Tests 0 Failures 0 Ignored 
OK
/home/vboxuser/ased-assignments/assignment-autotest/test/assignment1/Test_assignment_validate.c:9:test_assignment_validate:PASS

-----------------------
1 Tests 0 Failures 0 Ignored 
OK
Read Shantanu3107 from conf/username.txt
/home/vboxuser/ased-assignments/assignment-autotest/../student-test/assignment1/Test_validate_username.c:15:test_validate_my_username:PASS

-----------------------
1 Tests 0 Failures 0 Ignored 
OK
Executing assignment test script
~/ased-assignments/assignment-autotest/test/assignment1 ~/ased-assignments
~/ased-assignments/finder-app ~/ased-assignments/assignment-autotest/test/assignment1 ~/ased-assignments
./assignment-autotest/test/assignment1/assignment-test.sh: line 10: ./writer.sh: No such file or directory
[0;31mValidation Error:writer.sh should have exited with return value 1 if no parameters were specified[0m
./assignment-autotest/test/assignment1/assignment-test.sh: line 16: ./writer.sh: No such file or directory
[0;31mValidation Error:writer.sh should have exited with return value 1 if write string is not specified[0m
Using default value AELD_IS_FUN for string to write
Using default value 10 for number of files to write
Writing 10 files containing string AELD_IS_FUN to /ased-assignments/student-test/assignment1
./finder-test.sh: 58: ./writer.sh: not found
[0;31mValidation Error:finder-test.sh execution for default directory failed with return code 127[0m
Writing 10 files containing string AELD_IS_FUN to /tmp/aeld-data/dizrxgkrIzcNy42FELIIxXdD2E7uQQuS
[0;31mValidation Error:finder-test.sh execution for random directory failed with return code 127[0m
Validation failed with error list :writer.sh should have exited with return value 1 if no parameters were specified:writer.sh should have exited with return value 1 if write string is not specified:finder-test.sh execution for default directory failed with return code 127:finder-test.sh execution for random directory failed with return code 127
./finder-test.sh: 58: ./writer.sh: not found
Test of assignment assignment1 failed with rc=1
Running test with user vboxuser
CMake Deprecation Warning at CMakeLists.txt:1 (cmake_minimum_required):
  Compatibility with CMake < 3.5 will be removed from a future version of
  CMake.

  Update the VERSION argument <min> value or use a ...<max> suffix to tell
  CMake that the project does not need compatibility with older versions.


CMake Deprecation Warning at assignment-autotest/CMakeLists.txt:13 (cmake_minimum_required):
  Compatibility with CMake < 3.5 will be removed from a future version of
  CMake.

  Update the VERSION argument <min> value or use a ...<max> suffix to tell
  CMake that the project does not need compatibility with older versions.


CMake Deprecation Warning at assignment-autotest/Unity/CMakeLists.txt:11 (cmake_minimum_required):
  Compatibility with CMake < 3.5 will be removed from a future version of
  CMake.

  Update the VERSION argument <min> value or use a ...<max> suffix to tell
  CMake that the project does not need compatibility with older versions.


CMake Deprecation Warning at assignment-autotest/Unity/src/CMakeLists.txt:11 (cmake_minimum_required):
  Compatibility with CMake < 3.5 will be removed from a future version of
  CMake.

  Update the VERSION argument <min> value or use a ...<max> suffix to tell
  CMake that the project does not need compatibility with older versions.


-- Generating ;/home/vboxuser/ased-assignments/assignment-autotest/test/assignment1/Test_hello_Runner.c;/home/vboxuser/ased-assignments/assignment-autotest/test/assignment1/Test_assignment_validate_Runner.c;/home/vboxuser/ased-assignments/assignment-autotest/../student-test/assignment1/Test_validate_username_Runner.c from test/assignment1/Test_hello.c;test/assignment1/Test_assignment_validate.c;../student-test/assignment1/Test_validate_username.c
-- Building executable including ;/home/vboxuser/ased-assignments/assignment-autotest/test/assignment1/Test_hello_Runner.c;/home/vboxuser/ased-assignments/assignment-autotest/test/assignment1/Test_assignment_validate_Runner.c;/home/vboxuser/ased-assignments/assignment-autotest/../student-test/assignment1/Test_validate_username_Runner.c test/assignment1/Test_hello.c;test/assignment1/Test_assignment_validate.c;../student-test/assignment1/Test_validate_username.c and ../examples/autotest-validate/autotest-validate.c
-- Configuring done (0.0s)
-- Generating done (0.0s)
-- Build files have been written to: /home/vboxuser/ased-assignments/build
[  8%] Building C object assignment-autotest/Unity/src/CMakeFiles/unity.dir/unity.c.o
[ 16%] Linking C static library libunity.a
[ 16%] Built target unity
[ 25%] Generating /home/vboxuser/ased-assignments/assignment-autotest/test/assignment1/Test_hello_Runner.c, /home/vboxuser/ased-assignments/assignment-autotest/test/assignment1/Test_assignment_validate_Runner.c, /home/vboxuser/ased-assignments/student-test/assignment1/Test_validate_username_Runner.c, /home/vboxuser/ased-assignments/assignment-autotest/test/unity_runner.c
Test files for auto dependency generation test/assignment1/Test_hello.c test/assignment1/Test_assignment_validate.c ../student-test/assignment1/Test_validate_username.c
Autogenerating runner for test/assignment1/Test_hello.c
/home/vboxuser/ased-assignments/assignment-autotest/Unity/auto/generate_test_runner.rb:344: warning: Passing safe_level with the 2nd argument of ERB.new is deprecated. Do not use it, and specify other arguments as keyword arguments.
/home/vboxuser/ased-assignments/assignment-autotest/Unity/auto/generate_test_runner.rb:344: warning: Passing trim_mode with the 3rd argument of ERB.new is deprecated. Use keyword argument like ERB.new(str, trim_mode: ...) instead.
Autogenerating runner for test/assignment1/Test_assignment_validate.c
/home/vboxuser/ased-assignments/assignment-autotest/Unity/auto/generate_test_runner.rb:344: warning: Passing safe_level with the 2nd argument of ERB.new is deprecated. Do not use it, and specify other arguments as keyword arguments.
/home/vboxuser/ased-assignments/assignment-autotest/Unity/auto/generate_test_runner.rb:344: warning: Passing trim_mode with the 3rd argument of ERB.new is deprecated. Use keyword argument like ERB.new(str, trim_mode: ...) instead.
Autogenerating runner for ../student-test/assignment1/Test_validate_username.c
/home/vboxuser/ased-assignments/assignment-autotest/Unity/auto/generate_test_runner.rb:344: warning: Passing safe_level with the 2nd argument of ERB.new is deprecated. Do not use it, and specify other arguments as keyword arguments.
/home/vboxuser/ased-assignments/assignment-autotest/Unity/auto/generate_test_runner.rb:344: warning: Passing trim_mode with the 3rd argument of ERB.new is deprecated. Use keyword argument like ERB.new(str, trim_mode: ...) instead.
Autogenerating test/unity_runner.c
[ 33%] Building C object assignment-autotest/CMakeFiles/assignment-autotest.dir/test/assignment1/Test_hello.c.o
[ 41%] Building C object assignment-autotest/CMakeFiles/assignment-autotest.dir/test/assignment1/Test_assignment_validate.c.o
[ 50%] Building C object assignment-autotest/CMakeFiles/assignment-autotest.dir/__/student-test/assignment1/Test_validate_username.c.o
[ 58%] Building C object assignment-autotest/CMakeFiles/assignment-autotest.dir/test/assignment1/Test_hello_Runner.c.o
[ 66%] Building C object assignment-autotest/CMakeFiles/assignment-autotest.dir/test/assignment1/Test_assignment_validate_Runner.c.o
[ 75%] Building C object assignment-autotest/CMakeFiles/assignment-autotest.dir/__/student-test/assignment1/Test_validate_username_Runner.c.o
[ 83%] Building C object assignment-autotest/CMakeFiles/assignment-autotest.dir/__/examples/autotest-validate/autotest-validate.c.o
[ 91%] Building C object assignment-autotest/CMakeFiles/assignment-autotest.dir/test/unity_runner.c.o
[100%] Linking C executable assignment-autotest
[100%] Built target assignment-autotest
/home/vboxuser/ased-assignments/assignment-autotest/test/assignment1/Test_hello.c:6:test_hello:INFO: Hello!  Your unity setup is working!
/home/vboxuser/ased-assignments/assignment-autotest/test/assignment1/Test_hello.c:4:test_hello:PASS

-----------------------
1 Tests 0 Failures 0 Ignored 
OK
/home/vboxuser/ased-assignments/assignment-autotest/test/assignment1/Test_assignment_validate.c:9:test_assignment_validate:PASS

-----------------------
1 Tests 0 Failures 0 Ignored 
OK
Read Shantanu3107 from conf/username.txt
/home/vboxuser/ased-assignments/assignment-autotest/../student-test/assignment1/Test_validate_username.c:15:test_validate_my_username:PASS

-----------------------
1 Tests 0 Failures 0 Ignored 
OK
Executing assignment test script
~/ased-assignments/assignment-autotest/test/assignment1 ~/ased-assignments
~/ased-assignments/finder-app ~/ased-assignments/assignment-autotest/test/assignment1 ~/ased-assignments
./assignment-autotest/test/assignment1/assignment-test.sh: line 10: ./writer.sh: No such file or directory
[0;31mValidation Error:writer.sh should have exited with return value 1 if no parameters were specified[0m
./assignment-autotest/test/assignment1/assignment-test.sh: line 16: ./writer.sh: No such file or directory
[0;31mValidation Error:writer.sh should have exited with return value 1 if write string is not specified[0m
Using default value AELD_IS_FUN for string to write
Using default value 10 for number of files to write
Writing 10 files containing string AELD_IS_FUN to /tmp/aeld-data
./finder-test.sh: 57: ./writer.sh: not found
[0;31mValidation Error:finder-test.sh execution for default directory failed with return code 127[0m
Writing 10 files containing string AELD_IS_FUN to /tmp/aeld-data/QJwgz1jkgBB5MOnU9vjfmjfyB86Fv1mq
./finder-test.sh: 57: ./writer.sh: not found
[0;31mValidation Error:finder-test.sh execution for random directory failed with return code 127[0m
Validation failed with error list :writer.sh should have exited with return value 1 if no parameters were specified:writer.sh should have exited with return value 1 if write string is not specified:finder-test.sh execution for default directory failed with return code 127:finder-test.sh execution for random directory failed with return code 127
Test of assignment assignment1 failed with rc=1
Running test with user vboxuser
CMake Deprecation Warning at CMakeLists.txt:1 (cmake_minimum_required):
  Compatibility with CMake < 3.5 will be removed from a future version of
  CMake.

  Update the VERSION argument <min> value or use a ...<max> suffix to tell
  CMake that the project does not need compatibility with older versions.


CMake Deprecation Warning at assignment-autotest/CMakeLists.txt:13 (cmake_minimum_required):
  Compatibility with CMake < 3.5 will be removed from a future version of
  CMake.

  Update the VERSION argument <min> value or use a ...<max> suffix to tell
  CMake that the project does not need compatibility with older versions.


CMake Deprecation Warning at assignment-autotest/Unity/CMakeLists.txt:11 (cmake_minimum_required):
  Compatibility with CMake < 3.5 will be removed from a future version of
  CMake.

  Update the VERSION argument <min> value or use a ...<max> suffix to tell
  CMake that the project does not need compatibility with older versions.


CMake Deprecation Warning at assignment-autotest/Unity/src/CMakeLists.txt:11 (cmake_minimum_required):
  Compatibility with CMake < 3.5 will be removed from a future version of
  CMake.

  Update the VERSION argument <min> value or use a ...<max> suffix to tell
  CMake that the project does not need compatibility with older versions.


-- Generating ;/home/vboxuser/ased-assignments/assignment-autotest/test/assignment1/Test_hello_Runner.c;/home/vboxuser/ased-assignments/assignment-autotest/test/assignment1/Test_assignment_validate_Runner.c;/home/vboxuser/ased-assignments/assignment-autotest/../student-test/assignment1/Test_validate_username_Runner.c from test/assignment1/Test_hello.c;test/assignment1/Test_assignment_validate.c;../student-test/assignment1/Test_validate_username.c
-- Building executable including ;/home/vboxuser/ased-assignments/assignment-autotest/test/assignment1/Test_hello_Runner.c;/home/vboxuser/ased-assignments/assignment-autotest/test/assignment1/Test_assignment_validate_Runner.c;/home/vboxuser/ased-assignments/assignment-autotest/../student-test/assignment1/Test_validate_username_Runner.c test/assignment1/Test_hello.c;test/assignment1/Test_assignment_validate.c;../student-test/assignment1/Test_validate_username.c and ../examples/autotest-validate/autotest-validate.c
-- Configuring done (0.0s)
-- Generating done (0.0s)
-- Build files have been written to: /home/vboxuser/ased-assignments/build
[  8%] Building C object assignment-autotest/Unity/src/CMakeFiles/unity.dir/unity.c.o
[ 16%] Linking C static library libunity.a
[ 16%] Built target unity
[ 25%] Generating /home/vboxuser/ased-assignments/assignment-autotest/test/assignment1/Test_hello_Runner.c, /home/vboxuser/ased-assignments/assignment-autotest/test/assignment1/Test_assignment_validate_Runner.c, /home/vboxuser/ased-assignments/student-test/assignment1/Test_validate_username_Runner.c, /home/vboxuser/ased-assignments/assignment-autotest/test/unity_runner.c
Test files for auto dependency generation test/assignment1/Test_hello.c test/assignment1/Test_assignment_validate.c ../student-test/assignment1/Test_validate_username.c
Autogenerating runner for test/assignment1/Test_hello.c
/home/vboxuser/ased-assignments/assignment-autotest/Unity/auto/generate_test_runner.rb:344: warning: Passing safe_level with the 2nd argument of ERB.new is deprecated. Do not use it, and specify other arguments as keyword arguments.
/home/vboxuser/ased-assignments/assignment-autotest/Unity/auto/generate_test_runner.rb:344: warning: Passing trim_mode with the 3rd argument of ERB.new is deprecated. Use keyword argument like ERB.new(str, trim_mode: ...) instead.
Autogenerating runner for test/assignment1/Test_assignment_validate.c
/home/vboxuser/ased-assignments/assignment-autotest/Unity/auto/generate_test_runner.rb:344: warning: Passing safe_level with the 2nd argument of ERB.new is deprecated. Do not use it, and specify other arguments as keyword arguments.
/home/vboxuser/ased-assignments/assignment-autotest/Unity/auto/generate_test_runner.rb:344: warning: Passing trim_mode with the 3rd argument of ERB.new is deprecated. Use keyword argument like ERB.new(str, trim_mode: ...) instead.
Autogenerating runner for ../student-test/assignment1/Test_validate_username.c
/home/vboxuser/ased-assignments/assignment-autotest/Unity/auto/generate_test_runner.rb:344: warning: Passing safe_level with the 2nd argument of ERB.new is deprecated. Do not use it, and specify other arguments as keyword arguments.
/home/vboxuser/ased-assignments/assignment-autotest/Unity/auto/generate_test_runner.rb:344: warning: Passing trim_mode with the 3rd argument of ERB.new is deprecated. Use keyword argument like ERB.new(str, trim_mode: ...) instead.
Autogenerating test/unity_runner.c
[ 33%] Building C object assignment-autotest/CMakeFiles/assignment-autotest.dir/test/assignment1/Test_hello.c.o
[ 41%] Building C object assignment-autotest/CMakeFiles/assignment-autotest.dir/test/assignment1/Test_assignment_validate.c.o
[ 50%] Building C object assignment-autotest/CMakeFiles/assignment-autotest.dir/__/student-test/assignment1/Test_validate_username.c.o
[ 58%] Building C object assignment-autotest/CMakeFiles/assignment-autotest.dir/test/assignment1/Test_hello_Runner.c.o
[ 66%] Building C object assignment-autotest/CMakeFiles/assignment-autotest.dir/test/assignment1/Test_assignment_validate_Runner.c.o
[ 75%] Building C object assignment-autotest/CMakeFiles/assignment-autotest.dir/__/student-test/assignment1/Test_validate_username_Runner.c.o
[ 83%] Building C object assignment-autotest/CMakeFiles/assignment-autotest.dir/__/examples/autotest-validate/autotest-validate.c.o
[ 91%] Building C object assignment-autotest/CMakeFiles/assignment-autotest.dir/test/unity_runner.c.o
[100%] Linking C executable assignment-autotest
[100%] Built target assignment-autotest
/home/vboxuser/ased-assignments/assignment-autotest/test/assignment1/Test_hello.c:6:test_hello:INFO: Hello!  Your unity setup is working!
/home/vboxuser/ased-assignments/assignment-autotest/test/assignment1/Test_hello.c:4:test_hello:PASS

-----------------------
1 Tests 0 Failures 0 Ignored 
OK
/home/vboxuser/ased-assignments/assignment-autotest/test/assignment1/Test_assignment_validate.c:9:test_assignment_validate:PASS

-----------------------
1 Tests 0 Failures 0 Ignored 
OK
Read Shantanu3107 from conf/username.txt
/home/vboxuser/ased-assignments/assignment-autotest/../student-test/assignment1/Test_validate_username.c:15:test_validate_my_username:PASS

-----------------------
1 Tests 0 Failures 0 Ignored 
OK
Executing assignment test script
~/ased-assignments/assignment-autotest/test/assignment1 ~/ased-assignments
~/ased-assignments/finder-app ~/ased-assignments/assignment-autotest/test/assignment1 ~/ased-assignments
./assignment-autotest/test/assignment1/assignment-test.sh: line 10: ./writer.sh: No such file or directory
[0;31mValidation Error:writer.sh should have exited with return value 1 if no parameters were specified[0m
./assignment-autotest/test/assignment1/assignment-test.sh: line 16: ./writer.sh: No such file or directory
[0;31mValidation Error:writer.sh should have exited with return value 1 if write string is not specified[0m
Using default value AELD_IS_FUN for string to write
Using default value 10 for number of files to write
Writing 10 files containing string AELD_IS_FUN to /tmp/aeld-data
./finder-test.sh: 57: ./writer.sh: not found
[0;31mValidation Error:finder-test.sh execution for default directory failed with return code 127[0m
Writing 10 files containing string AELD_IS_FUN to /tmp/aeld-data/FxtKDmZ8Nrx86and62eI2vlyRodH0Ui4
./finder-test.sh: 57: ./writer.sh: not found
[0;31mValidation Error:finder-test.sh execution for random directory failed with return code 127[0m
Validation failed with error list :writer.sh should have exited with return value 1 if no parameters were specified:writer.sh should have exited with return value 1 if write string is not specified:finder-test.sh execution for default directory failed with return code 127:finder-test.sh execution for random directory failed with return code 127
Test of assignment assignment1 failed with rc=1
Running test with user vboxuser
CMake Deprecation Warning at CMakeLists.txt:1 (cmake_minimum_required):
  Compatibility with CMake < 3.5 will be removed from a future version of
  CMake.

  Update the VERSION argument <min> value or use a ...<max> suffix to tell
  CMake that the project does not need compatibility with older versions.


CMake Deprecation Warning at assignment-autotest/CMakeLists.txt:13 (cmake_minimum_required):
  Compatibility with CMake < 3.5 will be removed from a future version of
  CMake.

  Update the VERSION argument <min> value or use a ...<max> suffix to tell
  CMake that the project does not need compatibility with older versions.


CMake Deprecation Warning at assignment-autotest/Unity/CMakeLists.txt:11 (cmake_minimum_required):
  Compatibility with CMake < 3.5 will be removed from a future version of
  CMake.

  Update the VERSION argument <min> value or use a ...<max> suffix to tell
  CMake that the project does not need compatibility with older versions.


CMake Deprecation Warning at assignment-autotest/Unity/src/CMakeLists.txt:11 (cmake_minimum_required):
  Compatibility with CMake < 3.5 will be removed from a future version of
  CMake.

  Update the VERSION argument <min> value or use a ...<max> suffix to tell
  CMake that the project does not need compatibility with older versions.


-- Generating ;/home/vboxuser/ased-assignments/assignment-autotest/test/assignment1/Test_hello_Runner.c;/home/vboxuser/ased-assignments/assignment-autotest/test/assignment1/Test_assignment_validate_Runner.c;/home/vboxuser/ased-assignments/assignment-autotest/../student-test/assignment1/Test_validate_username_Runner.c from test/assignment1/Test_hello.c;test/assignment1/Test_assignment_validate.c;../student-test/assignment1/Test_validate_username.c
-- Building executable including ;/home/vboxuser/ased-assignments/assignment-autotest/test/assignment1/Test_hello_Runner.c;/home/vboxuser/ased-assignments/assignment-autotest/test/assignment1/Test_assignment_validate_Runner.c;/home/vboxuser/ased-assignments/assignment-autotest/../student-test/assignment1/Test_validate_username_Runner.c test/assignment1/Test_hello.c;test/assignment1/Test_assignment_validate.c;../student-test/assignment1/Test_validate_username.c and ../examples/autotest-validate/autotest-validate.c
-- Configuring done (0.0s)
-- Generating done (0.0s)
-- Build files have been written to: /home/vboxuser/ased-assignments/build
[  8%] Building C object assignment-autotest/Unity/src/CMakeFiles/unity.dir/unity.c.o
[ 16%] Linking C static library libunity.a
[ 16%] Built target unity
[ 25%] Generating /home/vboxuser/ased-assignments/assignment-autotest/test/assignment1/Test_hello_Runner.c, /home/vboxuser/ased-assignments/assignment-autotest/test/assignment1/Test_assignment_validate_Runner.c, /home/vboxuser/ased-assignments/student-test/assignment1/Test_validate_username_Runner.c, /home/vboxuser/ased-assignments/assignment-autotest/test/unity_runner.c
Test files for auto dependency generation test/assignment1/Test_hello.c test/assignment1/Test_assignment_validate.c ../student-test/assignment1/Test_validate_username.c
Autogenerating runner for test/assignment1/Test_hello.c
/home/vboxuser/ased-assignments/assignment-autotest/Unity/auto/generate_test_runner.rb:344: warning: Passing safe_level with the 2nd argument of ERB.new is deprecated. Do not use it, and specify other arguments as keyword arguments.
/home/vboxuser/ased-assignments/assignment-autotest/Unity/auto/generate_test_runner.rb:344: warning: Passing trim_mode with the 3rd argument of ERB.new is deprecated. Use keyword argument like ERB.new(str, trim_mode: ...) instead.
Autogenerating runner for test/assignment1/Test_assignment_validate.c
/home/vboxuser/ased-assignments/assignment-autotest/Unity/auto/generate_test_runner.rb:344: warning: Passing safe_level with the 2nd argument of ERB.new is deprecated. Do not use it, and specify other arguments as keyword arguments.
/home/vboxuser/ased-assignments/assignment-autotest/Unity/auto/generate_test_runner.rb:344: warning: Passing trim_mode with the 3rd argument of ERB.new is deprecated. Use keyword argument like ERB.new(str, trim_mode: ...) instead.
Autogenerating runner for ../student-test/assignment1/Test_validate_username.c
/home/vboxuser/ased-assignments/assignment-autotest/Unity/auto/generate_test_runner.rb:344: warning: Passing safe_level with the 2nd argument of ERB.new is deprecated. Do not use it, and specify other arguments as keyword arguments.
/home/vboxuser/ased-assignments/assignment-autotest/Unity/auto/generate_test_runner.rb:344: warning: Passing trim_mode with the 3rd argument of ERB.new is deprecated. Use keyword argument like ERB.new(str, trim_mode: ...) instead.
Autogenerating test/unity_runner.c
[ 33%] Building C object assignment-autotest/CMakeFiles/assignment-autotest.dir/test/assignment1/Test_hello.c.o
[ 41%] Building C object assignment-autotest/CMakeFiles/assignment-autotest.dir/test/assignment1/Test_assignment_validate.c.o
[ 50%] Building C object assignment-autotest/CMakeFiles/assignment-autotest.dir/__/student-test/assignment1/Test_validate_username.c.o
[ 58%] Building C object assignment-autotest/CMakeFiles/assignment-autotest.dir/test/assignment1/Test_hello_Runner.c.o
[ 66%] Building C object assignment-autotest/CMakeFiles/assignment-autotest.dir/test/assignment1/Test_assignment_validate_Runner.c.o
[ 75%] Building C object assignment-autotest/CMakeFiles/assignment-autotest.dir/__/student-test/assignment1/Test_validate_username_Runner.c.o
[ 83%] Building C object assignment-autotest/CMakeFiles/assignment-autotest.dir/__/examples/autotest-validate/autotest-validate.c.o
[ 91%] Building C object assignment-autotest/CMakeFiles/assignment-autotest.dir/test/unity_runner.c.o
[100%] Linking C executable assignment-autotest
[100%] Built target assignment-autotest
/home/vboxuser/ased-assignments/assignment-autotest/test/assignment1/Test_hello.c:6:test_hello:INFO: Hello!  Your unity setup is working!
/home/vboxuser/ased-assignments/assignment-autotest/test/assignment1/Test_hello.c:4:test_hello:PASS

-----------------------
1 Tests 0 Failures 0 Ignored 
OK
/home/vboxuser/ased-assignments/assignment-autotest/test/assignment1/Test_assignment_validate.c:9:test_assignment_validate:PASS

-----------------------
1 Tests 0 Failures 0 Ignored 
OK
Read Shantanu3107 from conf/username.txt
/home/vboxuser/ased-assignments/assignment-autotest/../student-test/assignment1/Test_validate_username.c:15:test_validate_my_username:PASS

-----------------------
1 Tests 0 Failures 0 Ignored 
OK
Executing assignment test script
~/ased-assignments/assignment-autotest/test/assignment1 ~/ased-assignments
~/ased-assignments/finder-app ~/ased-assignments/assignment-autotest/test/assignment1 ~/ased-assignments
Error: Both <writefile> and <writestr> must be specified
Error: Both <writefile> and <writestr> must be specified
Using default value AELD_IS_FUN for string to write
Using default value 10 for number of files to write
Writing 10 files containing string AELD_IS_FUN to /tmp/aeld-data
The number of files are 10 and the number of matching lines are 10
success
Writing 10 files containing string AELD_IS_FUN to /tmp/aeld-data/C9Q8P8wN93BFxp6gD3IPvrHdU1DRMR3o
The number of files are 10 and the number of matching lines are 10
success
Test of assignment assignment1 complete with success
Running test with user vboxuser
CMake Deprecation Warning at CMakeLists.txt:1 (cmake_minimum_required):
  Compatibility with CMake < 3.5 will be removed from a future version of
  CMake.

  Update the VERSION argument <min> value or use a ...<max> suffix to tell
  CMake that the project does not need compatibility with older versions.


CMake Deprecation Warning at assignment-autotest/CMakeLists.txt:13 (cmake_minimum_required):
  Compatibility with CMake < 3.5 will be removed from a future version of
  CMake.

  Update the VERSION argument <min> value or use a ...<max> suffix to tell
  CMake that the project does not need compatibility with older versions.


CMake Deprecation Warning at assignment-autotest/Unity/CMakeLists.txt:11 (cmake_minimum_required):
  Compatibility with CMake < 3.5 will be removed from a future version of
  CMake.

  Update the VERSION argument <min> value or use a ...<max> suffix to tell
  CMake that the project does not need compatibility with older versions.


CMake Deprecation Warning at assignment-autotest/Unity/src/CMakeLists.txt:11 (cmake_minimum_required):
  Compatibility with CMake < 3.5 will be removed from a future version of
  CMake.

  Update the VERSION argument <min> value or use a ...<max> suffix to tell
  CMake that the project does not need compatibility with older versions.


-- Generating ;/home/vboxuser/ased-assignments/assignment-autotest/test/assignment1/Test_hello_Runner.c;/home/vboxuser/ased-assignments/assignment-autotest/test/assignment1/Test_assignment_validate_Runner.c;/home/vboxuser/ased-assignments/assignment-autotest/../student-test/assignment1/Test_validate_username_Runner.c from test/assignment1/Test_hello.c;test/assignment1/Test_assignment_validate.c;../student-test/assignment1/Test_validate_username.c
-- Building executable including ;/home/vboxuser/ased-assignments/assignment-autotest/test/assignment1/Test_hello_Runner.c;/home/vboxuser/ased-assignments/assignment-autotest/test/assignment1/Test_assignment_validate_Runner.c;/home/vboxuser/ased-assignments/assignment-autotest/../student-test/assignment1/Test_validate_username_Runner.c test/assignment1/Test_hello.c;test/assignment1/Test_assignment_validate.c;../student-test/assignment1/Test_validate_username.c and ../examples/autotest-validate/autotest-validate.c
-- Configuring done (0.0s)
-- Generating done (0.0s)
-- Build files have been written to: /home/vboxuser/ased-assignments/build
[  8%] Building C object assignment-autotest/Unity/src/CMakeFiles/unity.dir/unity.c.o
[ 16%] Linking C static library libunity.a
[ 16%] Built target unity
[ 25%] Generating /home/vboxuser/ased-assignments/assignment-autotest/test/assignment1/Test_hello_Runner.c, /home/vboxuser/ased-assignments/assignment-autotest/test/assignment1/Test_assignment_validate_Runner.c, /home/vboxuser/ased-assignments/student-test/assignment1/Test_validate_username_Runner.c, /home/vboxuser/ased-assignments/assignment-autotest/test/unity_runner.c
Test files for auto dependency generation test/assignment1/Test_hello.c test/assignment1/Test_assignment_validate.c ../student-test/assignment1/Test_validate_username.c
Autogenerating runner for test/assignment1/Test_hello.c
/home/vboxuser/ased-assignments/assignment-autotest/Unity/auto/generate_test_runner.rb:344: warning: Passing safe_level with the 2nd argument of ERB.new is deprecated. Do not use it, and specify other arguments as keyword arguments.
/home/vboxuser/ased-assignments/assignment-autotest/Unity/auto/generate_test_runner.rb:344: warning: Passing trim_mode with the 3rd argument of ERB.new is deprecated. Use keyword argument like ERB.new(str, trim_mode: ...) instead.
Autogenerating runner for test/assignment1/Test_assignment_validate.c
/home/vboxuser/ased-assignments/assignment-autotest/Unity/auto/generate_test_runner.rb:344: warning: Passing safe_level with the 2nd argument of ERB.new is deprecated. Do not use it, and specify other arguments as keyword arguments.
/home/vboxuser/ased-assignments/assignment-autotest/Unity/auto/generate_test_runner.rb:344: warning: Passing trim_mode with the 3rd argument of ERB.new is deprecated. Use keyword argument like ERB.new(str, trim_mode: ...) instead.
Autogenerating runner for ../student-test/assignment1/Test_validate_username.c
/home/vboxuser/ased-assignments/assignment-autotest/Unity/auto/generate_test_runner.rb:344: warning: Passing safe_level with the 2nd argument of ERB.new is deprecated. Do not use it, and specify other arguments as keyword arguments.
/home/vboxuser/ased-assignments/assignment-autotest/Unity/auto/generate_test_runner.rb:344: warning: Passing trim_mode with the 3rd argument of ERB.new is deprecated. Use keyword argument like ERB.new(str, trim_mode: ...) instead.
Autogenerating test/unity_runner.c
[ 33%] Building C object assignment-autotest/CMakeFiles/assignment-autotest.dir/test/assignment1/Test_hello.c.o
[ 41%] Building C object assignment-autotest/CMakeFiles/assignment-autotest.dir/test/assignment1/Test_assignment_validate.c.o
[ 50%] Building C object assignment-autotest/CMakeFiles/assignment-autotest.dir/__/student-test/assignment1/Test_validate_username.c.o
[ 58%] Building C object assignment-autotest/CMakeFiles/assignment-autotest.dir/test/assignment1/Test_hello_Runner.c.o
[ 66%] Building C object assignment-autotest/CMakeFiles/assignment-autotest.dir/test/assignment1/Test_assignment_validate_Runner.c.o
[ 75%] Building C object assignment-autotest/CMakeFiles/assignment-autotest.dir/__/student-test/assignment1/Test_validate_username_Runner.c.o
[ 83%] Building C object assignment-autotest/CMakeFiles/assignment-autotest.dir/__/examples/autotest-validate/autotest-validate.c.o
[ 91%] Building C object assignment-autotest/CMakeFiles/assignment-autotest.dir/test/unity_runner.c.o
[100%] Linking C executable assignment-autotest
[100%] Built target assignment-autotest
/home/vboxuser/ased-assignments/assignment-autotest/test/assignment1/Test_hello.c:6:test_hello:INFO: Hello!  Your unity setup is working!
/home/vboxuser/ased-assignments/assignment-autotest/test/assignment1/Test_hello.c:4:test_hello:PASS

-----------------------
1 Tests 0 Failures 0 Ignored 
OK
/home/vboxuser/ased-assignments/assignment-autotest/test/assignment1/Test_assignment_validate.c:9:test_assignment_validate:PASS

-----------------------
1 Tests 0 Failures 0 Ignored 
OK
Read Shantanu3107 from conf/username.txt
/home/vboxuser/ased-assignments/assignment-autotest/../student-test/assignment1/Test_validate_username.c:15:test_validate_my_username:PASS

-----------------------
1 Tests 0 Failures 0 Ignored 
OK
Executing assignment test script
~/ased-assignments/assignment-autotest/test/assignment1 ~/ased-assignments
~/ased-assignments/finder-app ~/ased-assignments/assignment-autotest/test/assignment1 ~/ased-assignments
Error: Both <writefile> and <writestr> must be specified
Error: Both <writefile> and <writestr> must be specified
Using default value AELD_IS_FUN for string to write
Using default value 10 for number of files to write
Writing 10 files containing string AELD_IS_FUN to /tmp/aeld-data
The number of files are 10 and the number of matching lines are 10
success
Writing 10 files containing string AELD_IS_FUN to /tmp/aeld-data/Lu9Og3RocSIpLFAMv4DmOhwg53HGTO9z
The number of files are 10 and the number of matching lines are 10
success
Test of assignment assignment1 complete with success
Running test with user vboxuser
CMake Error: The current CMakeCache.txt directory /home/vboxuser/ased-assignments/assignment1/assignment1-Shantanu3107/build/CMakeCache.txt is different than the directory /home/vboxuser/ased-assignments/build where CMakeCache.txt was created. This may result in binaries being created in the wrong place. If you are not sure, reedit the CMakeCache.txt
CMake Error: The source "/home/vboxuser/ased-assignments/assignment1/assignment1-Shantanu3107/CMakeLists.txt" does not match the source "/home/vboxuser/ased-assignments/CMakeLists.txt" used to generate cache.  Re-run cmake with a different source directory.
CMake Error: Not a file: CMakeFiles/assignment-autotest.dir/cmake_clean.cmake
CMake Error: Error processing file: CMakeFiles/assignment-autotest.dir/cmake_clean.cmake
make[2]: *** [assignment-autotest/CMakeFiles/assignment-autotest.dir/build.make:232: assignment-autotest/CMakeFiles/assignment-autotest.dir/clean] Error 1
make[1]: *** [CMakeFiles/Makefile2:147: assignment-autotest/CMakeFiles/assignment-autotest.dir/clean] Error 2
make: *** [Makefile:142: clean] Error 2
CMake Deprecation Warning at CMakeLists.txt:1 (cmake_minimum_required):
  Compatibility with CMake < 3.5 will be removed from a future version of
  CMake.

  Update the VERSION argument <min> value or use a ...<max> suffix to tell
  CMake that the project does not need compatibility with older versions.


CMake Error at CMakeLists.txt:15 (add_subdirectory):
  The source directory

    /home/vboxuser/ased-assignments/assignment-autotest

  does not contain a CMakeLists.txt file.


-- Configuring incomplete, errors occurred!
make: *** [Makefile:215: cmake_check_build_system] Error 1
/home/vboxuser/ased-assignments/assignment-autotest/test/assignment1/Test_hello.c:6:test_hello:INFO: Hello!  Your unity setup is working!
/home/vboxuser/ased-assignments/assignment-autotest/test/assignment1/Test_hello.c:4:test_hello:PASS

-----------------------
1 Tests 0 Failures 0 Ignored 
OK
/home/vboxuser/ased-assignments/assignment-autotest/test/assignment1/Test_assignment_validate.c:9:test_assignment_validate:PASS

-----------------------
1 Tests 0 Failures 0 Ignored 
OK
Read Shantanu3107 from conf/username.txt
/home/vboxuser/ased-assignments/assignment-autotest/../student-test/assignment1/Test_validate_username.c:15:test_validate_my_username:PASS

-----------------------
1 Tests 0 Failures 0 Ignored 
OK
Executing assignment test script
~/ased-assignments/assignment1/assignment1-Shantanu3107/assignment-autotest/test/assignment1 ~/ased-assignments/assignment1/assignment1-Shantanu3107
~/ased-assignments/assignment1/assignment1-Shantanu3107/finder-app ~/ased-assignments/assignment1/assignment1-Shantanu3107/assignment-autotest/test/assignment1 ~/ased-assignments/assignment1/assignment1-Shantanu3107
Error: Both <writefile> and <writestr> must be specified
Error: Both <writefile> and <writestr> must be specified
Using default value AELD_IS_FUN for string to write
Using default value 10 for number of files to write
Writing 10 files containing string AELD_IS_FUN to /tmp/aeld-data
The number of files are 10 and the number of matching lines are 10
success
Writing 10 files containing string AELD_IS_FUN to /tmp/aeld-data/IXXIl0Q5KQVq8A69pF8vSxDGCRDctZTe
The number of files are 10 and the number of matching lines are 10
success
Test of assignment assignment1 complete with success
Running test with user vboxuser
CMake Error: The current CMakeCache.txt directory /home/vboxuser/ased-assignments/assignment1/assignment1-Shantanu3107/build/CMakeCache.txt is different than the directory /home/vboxuser/ased-assignments/build where CMakeCache.txt was created. This may result in binaries being created in the wrong place. If you are not sure, reedit the CMakeCache.txt
CMake Error: The source "/home/vboxuser/ased-assignments/assignment1/assignment1-Shantanu3107/CMakeLists.txt" does not match the source "/home/vboxuser/ased-assignments/CMakeLists.txt" used to generate cache.  Re-run cmake with a different source directory.
CMake Error: Not a file: CMakeFiles/assignment-autotest.dir/cmake_clean.cmake
CMake Error: Error processing file: CMakeFiles/assignment-autotest.dir/cmake_clean.cmake
make[2]: *** [assignment-autotest/CMakeFiles/assignment-autotest.dir/build.make:232: assignment-autotest/CMakeFiles/assignment-autotest.dir/clean] Error 1
make[1]: *** [CMakeFiles/Makefile2:147: assignment-autotest/CMakeFiles/assignment-autotest.dir/clean] Error 2
make: *** [Makefile:142: clean] Error 2
CMake Deprecation Warning at CMakeLists.txt:1 (cmake_minimum_required):
  Compatibility with CMake < 3.5 will be removed from a future version of
  CMake.

  Update the VERSION argument <min> value or use a ...<max> suffix to tell
  CMake that the project does not need compatibility with older versions.


CMake Error at CMakeLists.txt:15 (add_subdirectory):
  The source directory

    /home/vboxuser/ased-assignments/assignment-autotest

  does not contain a CMakeLists.txt file.


-- Configuring incomplete, errors occurred!
make: *** [Makefile:215: cmake_check_build_system] Error 1
/home/vboxuser/ased-assignments/assignment-autotest/test/assignment1/Test_hello.c:6:test_hello:INFO: Hello!  Your unity setup is working!
/home/vboxuser/ased-assignments/assignment-autotest/test/assignment1/Test_hello.c:4:test_hello:PASS

-----------------------
1 Tests 0 Failures 0 Ignored 
OK
/home/vboxuser/ased-assignments/assignment-autotest/test/assignment1/Test_assignment_validate.c:9:test_assignment_validate:PASS

-----------------------
1 Tests 0 Failures 0 Ignored 
OK
Read Shantanu3107 from conf/username.txt
/home/vboxuser/ased-assignments/assignment-autotest/../student-test/assignment1/Test_validate_username.c:15:test_validate_my_username:PASS

-----------------------
1 Tests 0 Failures 0 Ignored 
OK
Executing assignment test script
~/ased-assignments/assignment1/assignment1-Shantanu3107/assignment-autotest/test/assignment1 ~/ased-assignments/assignment1/assignment1-Shantanu3107
~/ased-assignments/assignment1/assignment1-Shantanu3107/finder-app ~/ased-assignments/assignment1/assignment1-Shantanu3107/assignment-autotest/test/assignment1 ~/ased-assignments/assignment1/assignment1-Shantanu3107
Error: Both <writefile> and <writestr> must be specified
Error: Both <writefile> and <writestr> must be specified
Using default value AELD_IS_FUN for string to write
Using default value 10 for number of files to write
Writing 10 files containing string AELD_IS_FUN to /tmp/aeld-data
The number of files are 10 and the number of matching lines are 10
success
Writing 10 files containing string AELD_IS_FUN to /tmp/aeld-data/2xRvhDNDycNzXJ8uUk5CvXgzsKjGXnac
The number of files are 10 and the number of matching lines are 10
success
Test of assignment assignment1 complete with success
Running test with user vboxuser
CMake Error: The current CMakeCache.txt directory /home/vboxuser/ased-assignments/assignment1/assignment1-Shantanu3107/build/CMakeCache.txt is different than the directory /home/vboxuser/ased-assignments/build where CMakeCache.txt was created. This may result in binaries being created in the wrong place. If you are not sure, reedit the CMakeCache.txt
CMake Error: The source "/home/vboxuser/ased-assignments/assignment1/assignment1-Shantanu3107/CMakeLists.txt" does not match the source "/home/vboxuser/ased-assignments/CMakeLists.txt" used to generate cache.  Re-run cmake with a different source directory.
CMake Error: Not a file: CMakeFiles/assignment-autotest.dir/cmake_clean.cmake
CMake Error: Error processing file: CMakeFiles/assignment-autotest.dir/cmake_clean.cmake
make[2]: *** [assignment-autotest/CMakeFiles/assignment-autotest.dir/build.make:232: assignment-autotest/CMakeFiles/assignment-autotest.dir/clean] Error 1
make[1]: *** [CMakeFiles/Makefile2:147: assignment-autotest/CMakeFiles/assignment-autotest.dir/clean] Error 2
make: *** [Makefile:142: clean] Error 2
CMake Deprecation Warning at CMakeLists.txt:1 (cmake_minimum_required):
  Compatibility with CMake < 3.5 will be removed from a future version of
  CMake.

  Update the VERSION argument <min> value or use a ...<max> suffix to tell
  CMake that the project does not need compatibility with older versions.


-- Configuring incomplete, errors occurred!
CMake Error at CMakeLists.txt:15 (add_subdirectory):
  The source directory

    /home/vboxuser/ased-assignments/assignment-autotest

  does not contain a CMakeLists.txt file.


make: *** [Makefile:215: cmake_check_build_system] Error 1
/home/vboxuser/ased-assignments/assignment-autotest/test/assignment1/Test_hello.c:6:test_hello:INFO: Hello!  Your unity setup is working!
/home/vboxuser/ased-assignments/assignment-autotest/test/assignment1/Test_hello.c:4:test_hello:PASS

-----------------------
1 Tests 0 Failures 0 Ignored 
OK
/home/vboxuser/ased-assignments/assignment-autotest/test/assignment1/Test_assignment_validate.c:9:test_assignment_validate:PASS

-----------------------
1 Tests 0 Failures 0 Ignored 
OK
Read Shantanu3107 from conf/username.txt
/home/vboxuser/ased-assignments/assignment-autotest/../student-test/assignment1/Test_validate_username.c:15:test_validate_my_username:PASS

-----------------------
1 Tests 0 Failures 0 Ignored 
OK
Executing assignment test script
~/ased-assignments/assignment1/assignment1-Shantanu3107/assignment-autotest/test/assignment1 ~/ased-assignments/assignment1/assignment1-Shantanu3107
~/ased-assignments/assignment1/assignment1-Shantanu3107/finder-app ~/ased-assignments/assignment1/assignment1-Shantanu3107/assignment-autotest/test/assignment1 ~/ased-assignments/assignment1/assignment1-Shantanu3107
Error: Both <writefile> and <writestr> must be specified
Error: Both <writefile> and <writestr> must be specified
Using default value AELD_IS_FUN for string to write
Using default value 10 for number of files to write
Writing 10 files containing string AELD_IS_FUN to /tmp/aeld-data
The number of files are 10 and the number of matching lines are 10
success
Writing 10 files containing string AELD_IS_FUN to /tmp/aeld-data/iQGDt2oIyUeAqRpwfdf40xN2xVp4avH1
The number of files are 10 and the number of matching lines are 10
success
Test of assignment assignment1 complete with success
Running test with user vboxuser
CMake Error: The current CMakeCache.txt directory /home/vboxuser/ased-assignments/assignment1/assignment1-Shantanu3107/build/CMakeCache.txt is different than the directory /home/vboxuser/ased-assignments/build where CMakeCache.txt was created. This may result in binaries being created in the wrong place. If you are not sure, reedit the CMakeCache.txt
CMake Error: The source "/home/vboxuser/ased-assignments/assignment1/assignment1-Shantanu3107/CMakeLists.txt" does not match the source "/home/vboxuser/ased-assignments/CMakeLists.txt" used to generate cache.  Re-run cmake with a different source directory.
CMake Error: Not a file: CMakeFiles/assignment-autotest.dir/cmake_clean.cmake
CMake Error: Error processing file: CMakeFiles/assignment-autotest.dir/cmake_clean.cmake
make[2]: *** [assignment-autotest/CMakeFiles/assignment-autotest.dir/build.make:232: assignment-autotest/CMakeFiles/assignment-autotest.dir/clean] Error 1
make[1]: *** [CMakeFiles/Makefile2:147: assignment-autotest/CMakeFiles/assignment-autotest.dir/clean] Error 2
make: *** [Makefile:142: clean] Error 2
CMake Deprecation Warning at CMakeLists.txt:1 (cmake_minimum_required):
  Compatibility with CMake < 3.5 will be removed from a future version of
  CMake.

  Update the VERSION argument <min> value or use a ...<max> suffix to tell
  CMake that the project does not need compatibility with older versions.


CMake Error at CMakeLists.txt:15 (add_subdirectory):
  The source directory

    /home/vboxuser/ased-assignments/assignment-autotest

  does not contain a CMakeLists.txt file.


-- Configuring incomplete, errors occurred!
make: *** [Makefile:215: cmake_check_build_system] Error 1
/home/vboxuser/ased-assignments/assignment-autotest/test/assignment1/Test_hello.c:6:test_hello:INFO: Hello!  Your unity setup is working!
/home/vboxuser/ased-assignments/assignment-autotest/test/assignment1/Test_hello.c:4:test_hello:PASS

-----------------------
1 Tests 0 Failures 0 Ignored 
OK
/home/vboxuser/ased-assignments/assignment-autotest/test/assignment1/Test_assignment_validate.c:9:test_assignment_validate:PASS

-----------------------
1 Tests 0 Failures 0 Ignored 
OK
Read Shantanu3107 from conf/username.txt
/home/vboxuser/ased-assignments/assignment-autotest/../student-test/assignment1/Test_validate_username.c:15:test_validate_my_username:PASS

-----------------------
1 Tests 0 Failures 0 Ignored 
OK
Executing assignment test script
~/ased-assignments/assignment1/assignment1-Shantanu3107/assignment-autotest/test/assignment1 ~/ased-assignments/assignment1/assignment1-Shantanu3107
~/ased-assignments/assignment1/assignment1-Shantanu3107/finder-app ~/ased-assignments/assignment1/assignment1-Shantanu3107/assignment-autotest/test/assignment1 ~/ased-assignments/assignment1/assignment1-Shantanu3107
Error: Both <writefile> and <writestr> must be specified
Error: Both <writefile> and <writestr> must be specified
Using default value AELD_IS_FUN for string to write
Using default value 10 for number of files to write
Writing 10 files containing string AELD_IS_FUN to /tmp/aeld-data
The number of files are 10 and the number of matching lines are 10
success
Writing 10 files containing string AELD_IS_FUN to /tmp/aeld-data/jFKjTXa5D4G8lbyPBR9r1PRylAixQIbx
The number of files are 10 and the number of matching lines are 10
success
Test of assignment assignment1 complete with success
